<?xml version="1.0" encoding="UTF-8"?>
<testng-results ignored="0" total="13" passed="9" failed="3" skipped="1">
  <reporter-output>
  </reporter-output>
  <suite started-at="2025-06-23T15:53:01 IST" name="Suite" finished-at="2025-06-23T15:54:20 IST" duration-ms="79101">
    <groups>
    </groups>
    <test started-at="2025-06-23T15:53:01 IST" name="Test" finished-at="2025-06-23T15:54:20 IST" duration-ms="79101">
      <class name="com.amazon.qa.testcases.LoginTest">
        <test-method is-config="true" signature="setup()[pri:0, instance:com.amazon.qa.testcases.LoginTest@645aa696]" started-at="2025-06-23T15:53:02 IST" name="setup" finished-at="2025-06-23T15:53:08 IST" duration-ms="5714" status="PASS">
          <reporter-output>
          </reporter-output>
        </test-method> <!-- setup -->
        <test-method signature="Verifyloginwithvalidcredentials(java.lang.String,java.lang.String)[pri:1, instance:com.amazon.qa.testcases.LoginTest@645aa696]" started-at="2025-06-23T15:53:08 IST" name="Verifyloginwithvalidcredentials" data-provider="sup" finished-at="2025-06-23T15:53:09 IST" duration-ms="1225" status="PASS">
          <params>
            <param index="0">
              <value>
                <![CDATA[prasanthreddydodda@gmail.com]]>
              </value>
            </param>
            <param index="1">
              <value>
                <![CDATA[Prasanth@447]]>
              </value>
            </param>
          </params>
          <reporter-output>
          </reporter-output>
        </test-method> <!-- Verifyloginwithvalidcredentials -->
        <test-method is-config="true" signature="teardown()[pri:0, instance:com.amazon.qa.testcases.LoginTest@645aa696]" started-at="2025-06-23T15:53:09 IST" name="teardown" finished-at="2025-06-23T15:53:09 IST" duration-ms="265" status="PASS">
          <reporter-output>
          </reporter-output>
        </test-method> <!-- teardown -->
        <test-method is-config="true" signature="setup()[pri:0, instance:com.amazon.qa.testcases.LoginTest@645aa696]" started-at="2025-06-23T15:53:09 IST" name="setup" finished-at="2025-06-23T15:53:14 IST" duration-ms="5127" status="PASS">
          <reporter-output>
          </reporter-output>
        </test-method> <!-- setup -->
        <test-method signature="Verifyloginwithvalidcredentials(java.lang.String,java.lang.String)[pri:1, instance:com.amazon.qa.testcases.LoginTest@645aa696]" started-at="2025-06-23T15:53:14 IST" name="Verifyloginwithvalidcredentials" data-provider="sup" finished-at="2025-06-23T15:53:16 IST" duration-ms="1097" status="PASS">
          <params>
            <param index="0">
              <value>
                <![CDATA[chandukesa9121@gmail.com]]>
              </value>
            </param>
            <param index="1">
              <value>
                <![CDATA[Prasanth@123]]>
              </value>
            </param>
          </params>
          <reporter-output>
          </reporter-output>
        </test-method> <!-- Verifyloginwithvalidcredentials -->
        <test-method is-config="true" signature="teardown()[pri:0, instance:com.amazon.qa.testcases.LoginTest@645aa696]" started-at="2025-06-23T15:53:16 IST" name="teardown" finished-at="2025-06-23T15:53:16 IST" duration-ms="233" status="PASS">
          <reporter-output>
          </reporter-output>
        </test-method> <!-- teardown -->
        <test-method is-config="true" signature="setup()[pri:0, instance:com.amazon.qa.testcases.LoginTest@645aa696]" started-at="2025-06-23T15:53:16 IST" name="setup" finished-at="2025-06-23T15:53:20 IST" duration-ms="4639" status="PASS">
          <reporter-output>
          </reporter-output>
        </test-method> <!-- setup -->
        <test-method signature="VerifyloginwithInvalidcredentials()[pri:2, instance:com.amazon.qa.testcases.LoginTest@645aa696]" started-at="2025-06-23T15:53:20 IST" name="VerifyloginwithInvalidcredentials" finished-at="2025-06-23T15:53:21 IST" duration-ms="1027" status="PASS">
          <reporter-output>
          </reporter-output>
        </test-method> <!-- VerifyloginwithInvalidcredentials -->
        <test-method is-config="true" signature="teardown()[pri:0, instance:com.amazon.qa.testcases.LoginTest@645aa696]" started-at="2025-06-23T15:53:21 IST" name="teardown" finished-at="2025-06-23T15:53:22 IST" duration-ms="207" status="PASS">
          <reporter-output>
          </reporter-output>
        </test-method> <!-- teardown -->
        <test-method is-config="true" signature="setup()[pri:0, instance:com.amazon.qa.testcases.LoginTest@645aa696]" started-at="2025-06-23T15:53:22 IST" name="setup" finished-at="2025-06-23T15:53:27 IST" duration-ms="5134" status="PASS">
          <reporter-output>
          </reporter-output>
        </test-method> <!-- setup -->
        <test-method signature="VerifyloginwithInvalidemailandvalidpass()[pri:3, instance:com.amazon.qa.testcases.LoginTest@645aa696]" started-at="2025-06-23T15:53:27 IST" name="VerifyloginwithInvalidemailandvalidpass" finished-at="2025-06-23T15:53:28 IST" duration-ms="957" status="PASS">
          <reporter-output>
          </reporter-output>
        </test-method> <!-- VerifyloginwithInvalidemailandvalidpass -->
        <test-method is-config="true" signature="teardown()[pri:0, instance:com.amazon.qa.testcases.LoginTest@645aa696]" started-at="2025-06-23T15:53:28 IST" name="teardown" finished-at="2025-06-23T15:53:28 IST" duration-ms="243" status="PASS">
          <reporter-output>
          </reporter-output>
        </test-method> <!-- teardown -->
        <test-method is-config="true" signature="setup()[pri:0, instance:com.amazon.qa.testcases.LoginTest@645aa696]" started-at="2025-06-23T15:53:28 IST" name="setup" finished-at="2025-06-23T15:53:33 IST" duration-ms="5210" status="PASS">
          <reporter-output>
          </reporter-output>
        </test-method> <!-- setup -->
        <test-method signature="VerifyloginwithvalidemailandInvalidpass()[pri:4, instance:com.amazon.qa.testcases.LoginTest@645aa696]" started-at="2025-06-23T15:53:33 IST" name="VerifyloginwithvalidemailandInvalidpass" finished-at="2025-06-23T15:53:34 IST" duration-ms="929" status="PASS">
          <reporter-output>
          </reporter-output>
        </test-method> <!-- VerifyloginwithvalidemailandInvalidpass -->
        <test-method is-config="true" signature="teardown()[pri:0, instance:com.amazon.qa.testcases.LoginTest@645aa696]" started-at="2025-06-23T15:53:34 IST" name="teardown" finished-at="2025-06-23T15:53:34 IST" duration-ms="339" status="PASS">
          <reporter-output>
          </reporter-output>
        </test-method> <!-- teardown -->
        <test-method is-config="true" signature="setup()[pri:0, instance:com.amazon.qa.testcases.LoginTest@645aa696]" started-at="2025-06-23T15:53:34 IST" name="setup" finished-at="2025-06-23T15:53:40 IST" duration-ms="5823" status="PASS">
          <reporter-output>
          </reporter-output>
        </test-method> <!-- setup -->
        <test-method signature="Verifyloginwithnocrdentials()[pri:5, instance:com.amazon.qa.testcases.LoginTest@645aa696]" started-at="2025-06-23T15:53:40 IST" name="Verifyloginwithnocrdentials" finished-at="2025-06-23T15:53:41 IST" duration-ms="779" status="PASS">
          <reporter-output>
          </reporter-output>
        </test-method> <!-- Verifyloginwithnocrdentials -->
        <test-method is-config="true" signature="teardown()[pri:0, instance:com.amazon.qa.testcases.LoginTest@645aa696]" started-at="2025-06-23T15:53:41 IST" name="teardown" finished-at="2025-06-23T15:53:41 IST" duration-ms="218" status="PASS">
          <reporter-output>
          </reporter-output>
        </test-method> <!-- teardown -->
      </class> <!-- com.amazon.qa.testcases.LoginTest -->
      <class name="com.amazon.qa.testcases.RegisterTest">
        <test-method is-config="true" signature="setup()[pri:0, instance:com.amazon.qa.testcases.RegisterTest@4a8355dd]" started-at="2025-06-23T15:53:41 IST" name="setup" finished-at="2025-06-23T15:53:48 IST" duration-ms="6504" status="PASS">
          <reporter-output>
          </reporter-output>
        </test-method> <!-- setup -->
        <test-method signature="verifyregisteringmandatoryfields()[pri:1, instance:com.amazon.qa.testcases.RegisterTest@4a8355dd]" started-at="2025-06-23T15:53:48 IST" name="verifyregisteringmandatoryfields" finished-at="2025-06-23T15:53:49 IST" duration-ms="1654" status="FAIL">
          <exception class="java.lang.AssertionError">
            <message>
              <![CDATA[expected [Your Account Has Been Created!] but found [Register Account]]]>
            </message>
            <full-stacktrace>
              <![CDATA[java.lang.AssertionError: expected [Your Account Has Been Created!] but found [Register Account]
at org.testng.Assert.fail(Assert.java:111)
at org.testng.Assert.failNotEquals(Assert.java:1590)
at org.testng.Assert.assertEqualsImpl(Assert.java:150)
at org.testng.Assert.assertEquals(Assert.java:132)
at org.testng.Assert.assertEquals(Assert.java:656)
at org.testng.Assert.assertEquals(Assert.java:666)
at com.amazon.qa.testcases.RegisterTest.verifyregisteringmandatoryfields(RegisterTest.java:57)
at java.base/jdk.internal.reflect.DirectMethodHandleAccessor.invoke(DirectMethodHandleAccessor.java:103)
at java.base/java.lang.reflect.Method.invoke(Method.java:580)
at org.testng.internal.invokers.MethodInvocationHelper.invokeMethod(MethodInvocationHelper.java:141)
at org.testng.internal.invokers.TestInvoker.invokeMethod(TestInvoker.java:687)
at org.testng.internal.invokers.TestInvoker.invokeTestMethod(TestInvoker.java:230)
at org.testng.internal.invokers.MethodRunner.runInSequence(MethodRunner.java:63)
at org.testng.internal.invokers.TestInvoker$MethodInvocationAgent.invoke(TestInvoker.java:995)
at org.testng.internal.invokers.TestInvoker.invokeTestMethods(TestInvoker.java:203)
at org.testng.internal.invokers.TestMethodWorker.invokeTestMethods(TestMethodWorker.java:154)
at org.testng.internal.invokers.TestMethodWorker.run(TestMethodWorker.java:134)
at java.base/java.util.ArrayList.forEach(ArrayList.java:1596)
at org.testng.TestRunner.privateRun(TestRunner.java:741)
at org.testng.TestRunner.run(TestRunner.java:616)
at org.testng.SuiteRunner.runTest(SuiteRunner.java:421)
at org.testng.SuiteRunner.runSequentially(SuiteRunner.java:413)
at org.testng.SuiteRunner.privateRun(SuiteRunner.java:373)
at org.testng.SuiteRunner.run(SuiteRunner.java:312)
at org.testng.SuiteRunnerWorker.runSuite(SuiteRunnerWorker.java:52)
at org.testng.SuiteRunnerWorker.run(SuiteRunnerWorker.java:95)
at org.testng.TestNG.runSuitesSequentially(TestNG.java:1274)
at org.testng.TestNG.runSuitesLocally(TestNG.java:1208)
at org.testng.TestNG.runSuites(TestNG.java:1112)
at org.testng.TestNG.run(TestNG.java:1079)
at org.testng.remote.AbstractRemoteTestNG.run(AbstractRemoteTestNG.java:115)
at org.testng.remote.RemoteTestNG.initAndRun(RemoteTestNG.java:293)
at org.testng.remote.RemoteTestNG.main(RemoteTestNG.java:91)
]]>
            </full-stacktrace>
          </exception> <!-- java.lang.AssertionError -->
          <reporter-output>
          </reporter-output>
        </test-method> <!-- verifyregisteringmandatoryfields -->
        <test-method is-config="true" signature="TearDown()[pri:0, instance:com.amazon.qa.testcases.RegisterTest@4a8355dd]" started-at="2025-06-23T15:53:50 IST" name="TearDown" finished-at="2025-06-23T15:53:50 IST" duration-ms="219" status="PASS">
          <reporter-output>
          </reporter-output>
        </test-method> <!-- TearDown -->
        <test-method is-config="true" signature="setup()[pri:0, instance:com.amazon.qa.testcases.RegisterTest@4a8355dd]" started-at="2025-06-23T15:53:50 IST" name="setup" finished-at="2025-06-23T15:53:55 IST" duration-ms="4847" status="PASS">
          <reporter-output>
          </reporter-output>
        </test-method> <!-- setup -->
        <test-method signature="verifyregisteringwithallfields()[pri:2, instance:com.amazon.qa.testcases.RegisterTest@4a8355dd]" started-at="2025-06-23T15:53:55 IST" name="verifyregisteringwithallfields" finished-at="2025-06-23T15:53:56 IST" duration-ms="1833" status="FAIL">
          <exception class="java.lang.AssertionError">
            <message>
              <![CDATA[expected [Your Account Has Been Created!] but found [Register Account]]]>
            </message>
            <full-stacktrace>
              <![CDATA[java.lang.AssertionError: expected [Your Account Has Been Created!] but found [Register Account]
at org.testng.Assert.fail(Assert.java:111)
at org.testng.Assert.failNotEquals(Assert.java:1590)
at org.testng.Assert.assertEqualsImpl(Assert.java:150)
at org.testng.Assert.assertEquals(Assert.java:132)
at org.testng.Assert.assertEquals(Assert.java:656)
at org.testng.Assert.assertEquals(Assert.java:666)
at com.amazon.qa.testcases.RegisterTest.verifyregisteringwithallfields(RegisterTest.java:87)
at java.base/jdk.internal.reflect.DirectMethodHandleAccessor.invoke(DirectMethodHandleAccessor.java:103)
at java.base/java.lang.reflect.Method.invoke(Method.java:580)
at org.testng.internal.invokers.MethodInvocationHelper.invokeMethod(MethodInvocationHelper.java:141)
at org.testng.internal.invokers.TestInvoker.invokeMethod(TestInvoker.java:687)
at org.testng.internal.invokers.TestInvoker.invokeTestMethod(TestInvoker.java:230)
at org.testng.internal.invokers.MethodRunner.runInSequence(MethodRunner.java:63)
at org.testng.internal.invokers.TestInvoker$MethodInvocationAgent.invoke(TestInvoker.java:995)
at org.testng.internal.invokers.TestInvoker.invokeTestMethods(TestInvoker.java:203)
at org.testng.internal.invokers.TestMethodWorker.invokeTestMethods(TestMethodWorker.java:154)
at org.testng.internal.invokers.TestMethodWorker.run(TestMethodWorker.java:134)
at java.base/java.util.ArrayList.forEach(ArrayList.java:1596)
at org.testng.TestRunner.privateRun(TestRunner.java:741)
at org.testng.TestRunner.run(TestRunner.java:616)
at org.testng.SuiteRunner.runTest(SuiteRunner.java:421)
at org.testng.SuiteRunner.runSequentially(SuiteRunner.java:413)
at org.testng.SuiteRunner.privateRun(SuiteRunner.java:373)
at org.testng.SuiteRunner.run(SuiteRunner.java:312)
at org.testng.SuiteRunnerWorker.runSuite(SuiteRunnerWorker.java:52)
at org.testng.SuiteRunnerWorker.run(SuiteRunnerWorker.java:95)
at org.testng.TestNG.runSuitesSequentially(TestNG.java:1274)
at org.testng.TestNG.runSuitesLocally(TestNG.java:1208)
at org.testng.TestNG.runSuites(TestNG.java:1112)
at org.testng.TestNG.run(TestNG.java:1079)
at org.testng.remote.AbstractRemoteTestNG.run(AbstractRemoteTestNG.java:115)
at org.testng.remote.RemoteTestNG.initAndRun(RemoteTestNG.java:293)
at org.testng.remote.RemoteTestNG.main(RemoteTestNG.java:91)
]]>
            </full-stacktrace>
          </exception> <!-- java.lang.AssertionError -->
          <reporter-output>
          </reporter-output>
        </test-method> <!-- verifyregisteringwithallfields -->
        <test-method is-config="true" signature="TearDown()[pri:0, instance:com.amazon.qa.testcases.RegisterTest@4a8355dd]" started-at="2025-06-23T15:53:57 IST" name="TearDown" finished-at="2025-06-23T15:53:57 IST" duration-ms="232" status="PASS">
          <reporter-output>
          </reporter-output>
        </test-method> <!-- TearDown -->
        <test-method is-config="true" signature="setup()[pri:0, instance:com.amazon.qa.testcases.RegisterTest@4a8355dd]" started-at="2025-06-23T15:53:57 IST" name="setup" finished-at="2025-06-23T15:54:02 IST" duration-ms="5182" status="PASS">
          <reporter-output>
          </reporter-output>
        </test-method> <!-- setup -->
        <test-method signature="verifyregisteringexistingemailid()[pri:3, instance:com.amazon.qa.testcases.RegisterTest@4a8355dd]" started-at="2025-06-23T15:54:02 IST" name="verifyregisteringexistingemailid" finished-at="2025-06-23T15:54:03 IST" duration-ms="1015" status="PASS">
          <reporter-output>
          </reporter-output>
        </test-method> <!-- verifyregisteringexistingemailid -->
        <test-method is-config="true" signature="TearDown()[pri:0, instance:com.amazon.qa.testcases.RegisterTest@4a8355dd]" started-at="2025-06-23T15:54:03 IST" name="TearDown" finished-at="2025-06-23T15:54:04 IST" duration-ms="502" status="PASS">
          <reporter-output>
          </reporter-output>
        </test-method> <!-- TearDown -->
        <test-method is-config="true" signature="setup()[pri:0, instance:com.amazon.qa.testcases.RegisterTest@4a8355dd]" started-at="2025-06-23T15:54:04 IST" name="setup" finished-at="2025-06-23T15:54:09 IST" duration-ms="5626" status="PASS">
          <reporter-output>
          </reporter-output>
        </test-method> <!-- setup -->
        <test-method signature="verifyregesteringwithnofields()[pri:4, instance:com.amazon.qa.testcases.RegisterTest@4a8355dd]" started-at="2025-06-23T15:54:09 IST" name="verifyregesteringwithnofields" finished-at="2025-06-23T15:54:10 IST" duration-ms="625" status="PASS">
          <reporter-output>
          </reporter-output>
        </test-method> <!-- verifyregesteringwithnofields -->
        <test-method is-config="true" signature="TearDown()[pri:0, instance:com.amazon.qa.testcases.RegisterTest@4a8355dd]" started-at="2025-06-23T15:54:10 IST" name="TearDown" finished-at="2025-06-23T15:54:10 IST" duration-ms="216" status="PASS">
          <reporter-output>
          </reporter-output>
        </test-method> <!-- TearDown -->
      </class> <!-- com.amazon.qa.testcases.RegisterTest -->
      <class name="com.amazon.qa.testcases.SearchTest">
        <test-method is-config="true" signature="setup()[pri:0, instance:com.amazon.qa.testcases.SearchTest@312aa7c]" started-at="2025-06-23T15:54:10 IST" name="setup" finished-at="2025-06-23T15:54:15 IST" duration-ms="4799" status="PASS">
          <reporter-output>
          </reporter-output>
        </test-method> <!-- setup -->
        <test-method signature="enterValidProduct()[pri:1, instance:com.amazon.qa.testcases.SearchTest@312aa7c]" started-at="2025-06-23T15:54:15 IST" name="enterValidProduct" finished-at="2025-06-23T15:54:15 IST" duration-ms="665" status="PASS">
          <reporter-output>
          </reporter-output>
        </test-method> <!-- enterValidProduct -->
        <test-method is-config="true" signature="TearDown()[pri:0, instance:com.amazon.qa.testcases.SearchTest@312aa7c]" started-at="2025-06-23T15:54:15 IST" name="TearDown" finished-at="2025-06-23T15:54:16 IST" duration-ms="226" status="PASS">
          <reporter-output>
          </reporter-output>
        </test-method> <!-- TearDown -->
        <test-method is-config="true" signature="setup()[pri:0, instance:com.amazon.qa.testcases.SearchTest@312aa7c]" started-at="2025-06-23T15:54:16 IST" name="setup" finished-at="2025-06-23T15:54:20 IST" duration-ms="4348" status="PASS">
          <reporter-output>
          </reporter-output>
        </test-method> <!-- setup -->
        <test-method signature="enterINValidProduct()[pri:2, instance:com.amazon.qa.testcases.SearchTest@312aa7c]" started-at="2025-06-23T15:54:20 IST" name="enterINValidProduct" finished-at="2025-06-23T15:54:20 IST" duration-ms="16" status="FAIL">
          <exception class="java.lang.IllegalArgumentException">
            <message>
              <![CDATA[Keys to send should be a not null CharSequence]]>
            </message>
            <full-stacktrace>
              <![CDATA[java.lang.IllegalArgumentException: Keys to send should be a not null CharSequence
at org.openqa.selenium.remote.RemoteWebElement.sendKeys(RemoteWebElement.java:96)
at java.base/jdk.internal.reflect.DirectMethodHandleAccessor.invoke(DirectMethodHandleAccessor.java:103)
at java.base/java.lang.reflect.Method.invoke(Method.java:580)
at org.openqa.selenium.support.pagefactory.internal.LocatingElementHandler.invoke(LocatingElementHandler.java:51)
at jdk.proxy2/jdk.proxy2.$Proxy15.sendKeys(Unknown Source)
at com.utilities.pagafactory.SearchPage.entersearchfiled(SearchPage.java:38)
at com.amazon.qa.testcases.SearchTest.enterINValidProduct(SearchTest.java:58)
at java.base/jdk.internal.reflect.DirectMethodHandleAccessor.invoke(DirectMethodHandleAccessor.java:103)
at java.base/java.lang.reflect.Method.invoke(Method.java:580)
at org.testng.internal.invokers.MethodInvocationHelper.invokeMethod(MethodInvocationHelper.java:141)
at org.testng.internal.invokers.TestInvoker.invokeMethod(TestInvoker.java:687)
at org.testng.internal.invokers.TestInvoker.invokeTestMethod(TestInvoker.java:230)
at org.testng.internal.invokers.MethodRunner.runInSequence(MethodRunner.java:63)
at org.testng.internal.invokers.TestInvoker$MethodInvocationAgent.invoke(TestInvoker.java:995)
at org.testng.internal.invokers.TestInvoker.invokeTestMethods(TestInvoker.java:203)
at org.testng.internal.invokers.TestMethodWorker.invokeTestMethods(TestMethodWorker.java:154)
at org.testng.internal.invokers.TestMethodWorker.run(TestMethodWorker.java:134)
at java.base/java.util.ArrayList.forEach(ArrayList.java:1596)
at org.testng.TestRunner.privateRun(TestRunner.java:741)
at org.testng.TestRunner.run(TestRunner.java:616)
at org.testng.SuiteRunner.runTest(SuiteRunner.java:421)
at org.testng.SuiteRunner.runSequentially(SuiteRunner.java:413)
at org.testng.SuiteRunner.privateRun(SuiteRunner.java:373)
at org.testng.SuiteRunner.run(SuiteRunner.java:312)
at org.testng.SuiteRunnerWorker.runSuite(SuiteRunnerWorker.java:52)
at org.testng.SuiteRunnerWorker.run(SuiteRunnerWorker.java:95)
at org.testng.TestNG.runSuitesSequentially(TestNG.java:1274)
at org.testng.TestNG.runSuitesLocally(TestNG.java:1208)
at org.testng.TestNG.runSuites(TestNG.java:1112)
at org.testng.TestNG.run(TestNG.java:1079)
at org.testng.remote.AbstractRemoteTestNG.run(AbstractRemoteTestNG.java:115)
at org.testng.remote.RemoteTestNG.initAndRun(RemoteTestNG.java:293)
at org.testng.remote.RemoteTestNG.main(RemoteTestNG.java:91)
]]>
            </full-stacktrace>
          </exception> <!-- java.lang.IllegalArgumentException -->
          <reporter-output>
          </reporter-output>
        </test-method> <!-- enterINValidProduct -->
        <test-method is-config="true" signature="TearDown()[pri:0, instance:com.amazon.qa.testcases.SearchTest@312aa7c]" started-at="2025-06-23T15:54:20 IST" name="TearDown" finished-at="2025-06-23T15:54:20 IST" duration-ms="208" status="PASS">
          <reporter-output>
          </reporter-output>
        </test-method> <!-- TearDown -->
        <test-method signature="searchwithoutProduct()[pri:3, instance:com.amazon.qa.testcases.SearchTest@312aa7c]" started-at="2025-06-23T15:54:20 IST" name="searchwithoutProduct" finished-at="2025-06-23T15:54:20 IST" depends-on-methods="com.amazon.qa.testcases.SearchTest.enterINValidProduct, com.amazon.qa.testcases.SearchTest.enterValidProduct" duration-ms="0" status="SKIP">
          <exception class="java.lang.Throwable">
            <message>
              <![CDATA[Method com.amazon.qa.testcases.SearchTest.searchwithoutProduct() on instance com.amazon.qa.testcases.SearchTest@312aa7c depends on not successfully finished methods 
[com.amazon.qa.testcases.SearchTest.enterINValidProduct() on instance com.amazon.qa.testcases.SearchTest@312aa7c
com.amazon.qa.testcases.SearchTest.enterValidProduct() on instance com.amazon.qa.testcases.SearchTest@312aa7c]]]>
            </message>
            <full-stacktrace>
              <![CDATA[java.lang.Throwable: Method com.amazon.qa.testcases.SearchTest.searchwithoutProduct() on instance com.amazon.qa.testcases.SearchTest@312aa7c depends on not successfully finished methods 
[com.amazon.qa.testcases.SearchTest.enterINValidProduct() on instance com.amazon.qa.testcases.SearchTest@312aa7c
com.amazon.qa.testcases.SearchTest.enterValidProduct() on instance com.amazon.qa.testcases.SearchTest@312aa7c]
at org.testng.internal.invokers.TestInvoker.invokeTestMethods(TestInvoker.java:159)
at org.testng.internal.invokers.TestMethodWorker.invokeTestMethods(TestMethodWorker.java:154)
at org.testng.internal.invokers.TestMethodWorker.run(TestMethodWorker.java:134)
at java.base/java.util.ArrayList.forEach(ArrayList.java:1596)
at org.testng.TestRunner.privateRun(TestRunner.java:741)
at org.testng.TestRunner.run(TestRunner.java:616)
at org.testng.SuiteRunner.runTest(SuiteRunner.java:421)
at org.testng.SuiteRunner.runSequentially(SuiteRunner.java:413)
at org.testng.SuiteRunner.privateRun(SuiteRunner.java:373)
at org.testng.SuiteRunner.run(SuiteRunner.java:312)
at org.testng.SuiteRunnerWorker.runSuite(SuiteRunnerWorker.java:52)
at org.testng.SuiteRunnerWorker.run(SuiteRunnerWorker.java:95)
at org.testng.TestNG.runSuitesSequentially(TestNG.java:1274)
at org.testng.TestNG.runSuitesLocally(TestNG.java:1208)
at org.testng.TestNG.runSuites(TestNG.java:1112)
at org.testng.TestNG.run(TestNG.java:1079)
at org.testng.remote.AbstractRemoteTestNG.run(AbstractRemoteTestNG.java:115)
at org.testng.remote.RemoteTestNG.initAndRun(RemoteTestNG.java:293)
at org.testng.remote.RemoteTestNG.main(RemoteTestNG.java:91)
]]>
            </full-stacktrace>
          </exception> <!-- java.lang.Throwable -->
          <reporter-output>
          </reporter-output>
        </test-method> <!-- searchwithoutProduct -->
      </class> <!-- com.amazon.qa.testcases.SearchTest -->
    </test> <!-- Test -->
  </suite> <!-- Suite -->
</testng-results>
