<?xml version="1.0" encoding="UTF-8"?>
<!-- Generated by org.testng.reporters.JUnitXMLReporter -->
<testsuite ignored="0" hostname="DESKTOP-MPS37BD" failures="1" tests="13" name="HybridtestngTestCases" time="82.488" errors="0" timestamp="2025-02-12T09:27:41 IST">
  <testcase classname="com.amazon.qa.testcases.RegisterTest" name="verifyregisteringmandatoryfields" time="2.774"/>
  <testcase classname="com.amazon.qa.testcases.RegisterTest" name="verifyregisteringwithallfields" time="2.298"/>
  <testcase classname="com.amazon.qa.testcases.RegisterTest" name="verifyregisteringexistingemailid" time="1.636"/>
  <testcase classname="com.amazon.qa.testcases.RegisterTest" name="verifyregesteringwithnofields" time="0.809"/>
  <testcase classname="com.amazon.qa.testcases.LoginTest" name="Verifyloginwithvalidcredentials" time="1.546"/>
  <testcase classname="com.amazon.qa.testcases.LoginTest" name="Verifyloginwithvalidcredentials" time="1.961"/>
  <testcase classname="com.amazon.qa.testcases.LoginTest" name="VerifyloginwithInvalidcredentials" time="1.358"/>
  <testcase classname="com.amazon.qa.testcases.LoginTest" name="VerifyloginwithInvalidemailandvalidpass" time="1.367"/>
  <testcase classname="com.amazon.qa.testcases.LoginTest" name="VerifyloginwithvalidemailandInvalidpass" time="1.016"/>
  <testcase classname="com.amazon.qa.testcases.LoginTest" name="Verifyloginwithnocrdentials" time="0.83"/>
  <testcase classname="com.amazon.qa.testcases.SearchTest" name="enterValidProduct" time="0.557"/>
  <testcase classname="com.amazon.qa.testcases.SearchTest" name="enterINValidProduct" time="0.047">
    <failure type="java.lang.IllegalArgumentException" message="Keys to send should be a not null CharSequence">
      <![CDATA[java.lang.IllegalArgumentException: Keys to send should be a not null CharSequence
at org.openqa.selenium.remote.RemoteWebElement.sendKeys(RemoteWebElement.java:96)
at org.openqa.selenium.support.pagefactory.internal.LocatingElementHandler.invoke(LocatingElementHandler.java:51)
at jdk.proxy2/jdk.proxy2.$Proxy15.sendKeys(Unknown Source)
at com.utilities.pagafactory.SearchPage.entersearchfiled(SearchPage.java:38)
at com.amazon.qa.testcases.SearchTest.enterINValidProduct(SearchTest.java:58)
at java.base/java.util.ArrayList.forEach(ArrayList.java:1596)
... Removed 27 stack frames]]>
    </failure>
  </testcase> <!-- enterINValidProduct -->
  <testcase classname="com.amazon.qa.testcases.SearchTest" name="searchwithoutProduct" time="0.0">
    <skipped/>
  </testcase> <!-- searchwithoutProduct -->
</testsuite> <!-- HybridtestngTestCases -->
